<?xml version="1.0" encoding="UTF-8"?>
<testsuite name="com.zen.app.server.service.AppCustomerCategoryTestCase" tests="4" skipped="0" failures="0" errors="0" timestamp="2015-11-30T05:10:10" hostname="9ee79fe83031" time="0.294">
  <properties/>
  <testcase name="test1Save" classname="com.zen.app.server.service.AppCustomerCategoryTestCase" time="0.161"/>
  <testcase name="test2Update" classname="com.zen.app.server.service.AppCustomerCategoryTestCase" time="0.067"/>
  <testcase name="test3FindById" classname="com.zen.app.server.service.AppCustomerCategoryTestCase" time="0.012"/>
  <testcase name="test4Delete" classname="com.zen.app.server.service.AppCustomerCategoryTestCase" time="0.052"/>
  <system-out><![CDATA[Setting logged in user info for ADD
In around repository aspect
[EL Fine]: sql: 2015-11-30 05:10:11.002--ClientSession(809174555)--Connection(678951391)--Thread(Thread[Test worker,5,main])--INSERT INTO ast_AppCustomerCategory_M (appcustCategoryId, customerCategory, versionId, createdBy, createdDate, updatedBy, updatedDate, activeStatus, txnAccessCode) VALUES (?, ?, ?, ?, ?, ?, ?, ?, ?)
	bind => [93A5772E-AE00-4AB1-8E8F-00543E2EB82C, fBvnY6jHDbEIn4cZzUA4hWuZN8ZcqTsPq1YhBcUxe4VkbraSng, 1, AAAAA, 2015-11-30 10:40:10.998, null, 2015-11-30 10:40:10.998, 1, null]
In around repository aspect
[EL Fine]: sql: 2015-11-30 05:10:11.159--ClientSession(1244740564)--Connection(678951391)--Thread(Thread[Test worker,5,main])--SELECT appcustCategoryId, customerCategory, versionId, createdBy, createdDate, updatedBy, updatedDate, activeStatus, txnAccessCode FROM ast_AppCustomerCategory_M WHERE ((activeStatus = ?) AND (appcustCategoryId = ?))
	bind => [1, 93A5772E-AE00-4AB1-8E8F-00543E2EB82C]
Setting logged in user info for UPDATE
In around repository aspect
[EL Fine]: sql: 2015-11-30 05:10:11.163--ClientSession(493705136)--Connection(678951391)--Thread(Thread[Test worker,5,main])--SELECT appcustCategoryId, customerCategory, versionId, createdBy, createdDate, updatedBy, updatedDate, activeStatus, txnAccessCode FROM ast_AppCustomerCategory_M WHERE (appcustCategoryId = ?)
	bind => [93A5772E-AE00-4AB1-8E8F-00543E2EB82C]
[EL Fine]: sql: 2015-11-30 05:10:11.165--ClientSession(493705136)--Connection(678951391)--Thread(Thread[Test worker,5,main])--UPDATE ast_AppCustomerCategory_M SET customerCategory = ?, updatedBy = ?, versionId = ? WHERE ((appcustCategoryId = ?) AND (versionId = ?))
	bind => [4ny8liJ7V78CVaOTsMql6dM7QZumPCQ3NAjMvUlCRFxmWxQEGg, AAAAA, 2, 93A5772E-AE00-4AB1-8E8F-00543E2EB82C, 1]
In around repository aspect
[EL Fine]: sql: 2015-11-30 05:10:11.228--ClientSession(2023297113)--Connection(678951391)--Thread(Thread[Test worker,5,main])--SELECT appcustCategoryId, customerCategory, versionId, createdBy, createdDate, updatedBy, updatedDate, activeStatus, txnAccessCode FROM ast_AppCustomerCategory_M WHERE ((activeStatus = ?) AND (appcustCategoryId = ?))
	bind => [1, 93A5772E-AE00-4AB1-8E8F-00543E2EB82C]
In around repository aspect
[EL Fine]: sql: 2015-11-30 05:10:11.24--ClientSession(903080549)--Connection(678951391)--Thread(Thread[Test worker,5,main])--SELECT appcustCategoryId, customerCategory, versionId, createdBy, createdDate, updatedBy, updatedDate, activeStatus, txnAccessCode FROM ast_AppCustomerCategory_M WHERE (appcustCategoryId = ?)
	bind => [93A5772E-AE00-4AB1-8E8F-00543E2EB82C]
[EL Fine]: sql: 2015-11-30 05:10:11.244--ClientSession(903080549)--Connection(678951391)--Thread(Thread[Test worker,5,main])--DELETE FROM ast_AppCustomerCategory_M WHERE ((appcustCategoryId = ?) AND (versionId = ?))
	bind => [93A5772E-AE00-4AB1-8E8F-00543E2EB82C, 2]
]]></system-out>
  <system-err><![CDATA[]]></system-err>
</testsuite>
