<?xml version="1.0" encoding="UTF-8"?>
<testsuite name="com.zen.app.server.service.QuestionTestCase" tests="4" skipped="0" failures="0" errors="0" timestamp="2015-11-30T05:10:07" hostname="9ee79fe83031" time="0.253">
  <properties/>
  <testcase name="test1Save" classname="com.zen.app.server.service.QuestionTestCase" time="0.086"/>
  <testcase name="test2Update" classname="com.zen.app.server.service.QuestionTestCase" time="0.099"/>
  <testcase name="test3FindById" classname="com.zen.app.server.service.QuestionTestCase" time="0.01"/>
  <testcase name="test4Delete" classname="com.zen.app.server.service.QuestionTestCase" time="0.056"/>
  <system-out><![CDATA[Setting logged in user info for ADD
In around repository aspect
[EL Fine]: sql: 2015-11-30 05:10:07.787--ClientSession(1681477191)--Connection(678951391)--Thread(Thread[Test worker,5,main])--INSERT INTO ast_Question_M (questionId, levelid, question, questionDetails, questionIcon, versionId, createdBy, createdDate, updatedBy, updatedDate, activeStatus, txnAccessCode) VALUES (?, ?, ?, ?, ?, ?, ?, ?, ?, ?, ?, ?)
	bind => [DEA73CF5-BDF2-47D2-8130-A98927A69F9C, 1, OZe9XP9v8lEJDbI8CiVlXG9upfNojCN3uGpSgMQEdJMYGPDp4c, DU9, oc4C4uhGyemzH3qRRkAMtelzsXmsd4e728u1MrB8upvcYKXijc, 1, AAAAA, 2015-11-30 10:40:07.762, null, 2015-11-30 10:40:07.762, 1, null]
In around repository aspect
[EL Fine]: sql: 2015-11-30 05:10:07.843--ClientSession(895023303)--Connection(678951391)--Thread(Thread[Test worker,5,main])--SELECT questionId, levelid, question, questionDetails, questionIcon, versionId, createdBy, createdDate, updatedBy, updatedDate, activeStatus, txnAccessCode FROM ast_Question_M WHERE ((activeStatus = ?) AND (questionId = ?))
	bind => [1, DEA73CF5-BDF2-47D2-8130-A98927A69F9C]
Setting logged in user info for UPDATE
In around repository aspect
[EL Fine]: sql: 2015-11-30 05:10:07.847--ClientSession(1751058084)--Connection(678951391)--Thread(Thread[Test worker,5,main])--SELECT questionId, levelid, question, questionDetails, questionIcon, versionId, createdBy, createdDate, updatedBy, updatedDate, activeStatus, txnAccessCode FROM ast_Question_M WHERE (questionId = ?)
	bind => [DEA73CF5-BDF2-47D2-8130-A98927A69F9C]
[EL Fine]: sql: 2015-11-30 05:10:07.848--ClientSession(1751058084)--Connection(678951391)--Thread(Thread[Test worker,5,main])--UPDATE ast_Question_M SET levelid = ?, question = ?, questionDetails = ?, questionIcon = ?, updatedBy = ?, versionId = ? WHERE ((questionId = ?) AND (versionId = ?))
	bind => [2, 10aD3j1c1jEPSXgk84bWwFRREnkXJRQv6g6s1YjSmGLPJx6dKm, 1yZ, EejHR69dFe1iJUHez0Tygvq8M2NuNNBqo1nW7eVyFm470ddxGA, AAAAA, 2, DEA73CF5-BDF2-47D2-8130-A98927A69F9C, 1]
In around repository aspect
[EL Fine]: sql: 2015-11-30 05:10:07.946--ClientSession(772073328)--Connection(678951391)--Thread(Thread[Test worker,5,main])--SELECT questionId, levelid, question, questionDetails, questionIcon, versionId, createdBy, createdDate, updatedBy, updatedDate, activeStatus, txnAccessCode FROM ast_Question_M WHERE ((activeStatus = ?) AND (questionId = ?))
	bind => [1, DEA73CF5-BDF2-47D2-8130-A98927A69F9C]
In around repository aspect
[EL Fine]: sql: 2015-11-30 05:10:07.952--ClientSession(925395788)--Connection(678951391)--Thread(Thread[Test worker,5,main])--SELECT questionId, levelid, question, questionDetails, questionIcon, versionId, createdBy, createdDate, updatedBy, updatedDate, activeStatus, txnAccessCode FROM ast_Question_M WHERE (questionId = ?)
	bind => [DEA73CF5-BDF2-47D2-8130-A98927A69F9C]
[EL Fine]: sql: 2015-11-30 05:10:07.954--ClientSession(925395788)--Connection(678951391)--Thread(Thread[Test worker,5,main])--DELETE FROM ast_Question_M WHERE ((questionId = ?) AND (versionId = ?))
	bind => [DEA73CF5-BDF2-47D2-8130-A98927A69F9C, 2]
]]></system-out>
  <system-err><![CDATA[]]></system-err>
</testsuite>
