<?xml version="1.0" encoding="UTF-8"?>
<testsuite name="com.zen.app.server.service.RolesTestCase" tests="4" skipped="0" failures="0" errors="0" timestamp="2015-11-30T05:09:32" hostname="9ee79fe83031" time="23.347">
  <properties/>
  <testcase name="test1Save" classname="com.zen.app.server.service.RolesTestCase" time="23.013"/>
  <testcase name="test2Update" classname="com.zen.app.server.service.RolesTestCase" time="0.128"/>
  <testcase name="test3FindById" classname="com.zen.app.server.service.RolesTestCase" time="0.008"/>
  <testcase name="test4Delete" classname="com.zen.app.server.service.RolesTestCase" time="0.198"/>
  <system-out><![CDATA[[EL Config]: metadata: 2015-11-30 05:09:38.805--ServerSession(1625077388)--Thread(Thread[Test worker,5,main])--The access type for the persistent class [class com.athena.shared.entity.ArtEntity] is set to [FIELD].
[EL Config]: metadata: 2015-11-30 05:09:38.835--ServerSession(1625077388)--Thread(Thread[Test worker,5,main])--The access type for the persistent class [class com.athena.shared.entity.AuditPropertiesEntity] is set to [FIELD].
[EL Config]: metadata: 2015-11-30 05:09:38.837--ServerSession(1625077388)--Thread(Thread[Test worker,5,main])--The access type for the persistent class [class com.athena.shared.entity.query.ArtQuery] is set to [FIELD].
[EL Config]: metadata: 2015-11-30 05:09:38.84--ServerSession(1625077388)--Thread(Thread[Test worker,5,main])--The access type for the persistent class [class com.athena.shared.entity.query.ArtMenu] is set to [FIELD].
[EL Config]: metadata: 2015-11-30 05:09:38.842--ServerSession(1625077388)--Thread(Thread[Test worker,5,main])--The access type for the persistent class [class com.zen.app.shared.location.Timezone] is set to [FIELD].
[EL Config]: metadata: 2015-11-30 05:09:38.846--ServerSession(1625077388)--Thread(Thread[Test worker,5,main])--The access type for the persistent class [class com.athena.shared.entity.query.ArtTableEntityRelation] is set to [FIELD].
[EL Config]: metadata: 2015-11-30 05:09:38.853--ServerSession(1625077388)--Thread(Thread[Test worker,5,main])--The target entity (reference) class for the one to one mapping element [field reffKeyDetails] is being defaulted to: class com.athena.shared.entity.query.ArtTableFieldDetails.
[EL Config]: metadata: 2015-11-30 05:09:38.854--ServerSession(1625077388)--Thread(Thread[Test worker,5,main])--The target entity (reference) class for the one to one mapping element [field owingKeyDetails] is being defaulted to: class com.athena.shared.entity.query.ArtTableFieldDetails.
[EL Config]: metadata: 2015-11-30 05:09:38.854--ServerSession(1625077388)--Thread(Thread[Test worker,5,main])--The target entity (reference) class for the one to one mapping element [field reffTableDetails] is being defaulted to: class com.athena.shared.entity.query.ArtTableDetails.
[EL Config]: metadata: 2015-11-30 05:09:38.855--ServerSession(1625077388)--Thread(Thread[Test worker,5,main])--The target entity (reference) class for the many to one mapping element [field owningTableDetails] is being defaulted to: class com.athena.shared.entity.query.ArtTableDetails.
[EL Config]: metadata: 2015-11-30 05:09:38.856--ServerSession(1625077388)--Thread(Thread[Test worker,5,main])--The access type for the persistent class [class com.zen.app.shared.contacts.CommunicationType] is set to [FIELD].
[EL Config]: metadata: 2015-11-30 05:09:38.857--ServerSession(1625077388)--Thread(Thread[Test worker,5,main])--The access type for the persistent class [class com.athena.cloud.shared.entity.CloudDriveTags] is set to [FIELD].
[EL Config]: metadata: 2015-11-30 05:09:38.862--ServerSession(1625077388)--Thread(Thread[Test worker,5,main])--The target entity (reference) class for the one to many mapping element [field awsCloudDriveTagFiles] is being defaulted to: class com.athena.cloud.shared.entity.CloudDriveTagFiles.
[EL Config]: metadata: 2015-11-30 05:09:38.863--ServerSession(1625077388)--Thread(Thread[Test worker,5,main])--The access type for the persistent class [class com.athena.shared.entity.report.ArtServiceOperation] is set to [FIELD].
[EL Config]: metadata: 2015-11-30 05:09:38.864--ServerSession(1625077388)--Thread(Thread[Test worker,5,main])--The target entity (reference) class for the many to one mapping element [field artservice] is being defaulted to: class com.athena.shared.entity.report.ArtService.
[EL Config]: metadata: 2015-11-30 05:09:38.865--ServerSession(1625077388)--Thread(Thread[Test worker,5,main])--The access type for the persistent class [class com.athena.shared.entity.report.ArtChartTemplate] is set to [FIELD].
[EL Config]: metadata: 2015-11-30 05:09:38.866--ServerSession(1625077388)--Thread(Thread[Test worker,5,main])--The access type for the persistent class [class com.zen.app.shared.authentication.PasswordPolicy] is set to [FIELD].
[EL Config]: metadata: 2015-11-30 05:09:38.867--ServerSession(1625077388)--Thread(Thread[Test worker,5,main])--The access type for the persistent class [class com.zen.app.shared.authentication.PasswordAlgo] is set to [FIELD].
[EL Config]: metadata: 2015-11-30 05:09:38.868--ServerSession(1625077388)--Thread(Thread[Test worker,5,main])--The access type for the persistent class [class com.zen.app.shared.authentication.Login] is set to [FIELD].
[EL Config]: metadata: 2015-11-30 05:09:38.869--ServerSession(1625077388)--Thread(Thread[Test worker,5,main])--The target entity (reference) class for the one to one mapping element [field coreContacts] is being defaulted to: class com.zen.app.shared.contacts.CoreContacts.
[EL Config]: metadata: 2015-11-30 05:09:38.869--ServerSession(1625077388)--Thread(Thread[Test worker,5,main])--The target entity (reference) class for the one to one mapping element [field user] is being defaulted to: class com.zen.app.shared.authentication.User.
[EL Config]: metadata: 2015-11-30 05:09:38.87--ServerSession(1625077388)--Thread(Thread[Test worker,5,main])--The access type for the persistent class [class com.athena.cloud.shared.entity.CloudDriveFiles] is set to [FIELD].
[EL Config]: metadata: 2015-11-30 05:09:38.871--ServerSession(1625077388)--Thread(Thread[Test worker,5,main])--The target entity (reference) class for the many to many mapping element [field tags] is being defaulted to: class com.athena.cloud.shared.entity.CloudDriveTags.
[EL Config]: metadata: 2015-11-30 05:09:38.871--ServerSession(1625077388)--Thread(Thread[Test worker,5,main])--The target entity (reference) class for the one to one mapping element [field contentType] is being defaulted to: class com.athena.cloud.shared.entity.CloudDriveContentType.
[EL Config]: metadata: 2015-11-30 05:09:38.872--ServerSession(1625077388)--Thread(Thread[Test worker,5,main])--The access type for the persistent class [class com.athena.shared.entity.query.ArtTableDetails] is set to [FIELD].
[EL Config]: metadata: 2015-11-30 05:09:38.873--ServerSession(1625077388)--Thread(Thread[Test worker,5,main])--The target entity (reference) class for the one to many mapping element [field entityRelations] is being defaulted to: class com.athena.shared.entity.query.ArtTableEntityRelation.
[EL Config]: metadata: 2015-11-30 05:09:38.873--ServerSession(1625077388)--Thread(Thread[Test worker,5,main])--The target entity (reference) class for the one to many mapping element [field artTableFieldDetail] is being defaulted to: class com.athena.shared.entity.query.ArtTableFieldDetails.
[EL Config]: metadata: 2015-11-30 05:09:38.874--ServerSession(1625077388)--Thread(Thread[Test worker,5,main])--The access type for the persistent class [class com.zen.app.shared.location.Country] is set to [FIELD].
[EL Config]: metadata: 2015-11-30 05:09:38.876--ServerSession(1625077388)--Thread(Thread[Test worker,5,main])--The access type for the persistent class [class com.zen.app.shared.customers.AppCustomer] is set to [FIELD].
[EL Config]: metadata: 2015-11-30 05:09:38.877--ServerSession(1625077388)--Thread(Thread[Test worker,5,main])--The access type for the persistent class [class com.zen.app.shared.location.Currency] is set to [FIELD].
[EL Config]: metadata: 2015-11-30 05:09:38.878--ServerSession(1625077388)--Thread(Thread[Test worker,5,main])--The access type for the persistent class [class com.athena.shared.entity.report.ArtChartCategory] is set to [FIELD].
[EL Config]: metadata: 2015-11-30 05:09:38.878--ServerSession(1625077388)--Thread(Thread[Test worker,5,main])--The target entity (reference) class for the one to one mapping element [field chart_json_id] is being defaulted to: class com.athena.shared.entity.report.ArtChartJson.
[EL Config]: metadata: 2015-11-30 05:09:38.879--ServerSession(1625077388)--Thread(Thread[Test worker,5,main])--The access type for the persistent class [class com.zen.app.shared.authorization.AppMenus] is set to [FIELD].
[EL Config]: metadata: 2015-11-30 05:09:38.881--ServerSession(1625077388)--Thread(Thread[Test worker,5,main])--The access type for the persistent class [class com.zen.app.shared.location.AddressExtended] is set to [FIELD].
[EL Config]: metadata: 2015-11-30 05:09:38.882--ServerSession(1625077388)--Thread(Thread[Test worker,5,main])--The access type for the persistent class [class com.zen.app.shared.location.Village] is set to [FIELD].
[EL Config]: metadata: 2015-11-30 05:09:38.883--ServerSession(1625077388)--Thread(Thread[Test worker,5,main])--The access type for the persistent class [class com.athena.shared.entity.report.ArtChartJson] is set to [FIELD].
[EL Config]: metadata: 2015-11-30 05:09:38.884--ServerSession(1625077388)--Thread(Thread[Test worker,5,main])--The target entity (reference) class for the one to one mapping element [field data_field_id] is being defaulted to: class com.athena.shared.entity.report.ArtChartDataFieldJson.
[EL Config]: metadata: 2015-11-30 05:09:38.885--ServerSession(1625077388)--Thread(Thread[Test worker,5,main])--The access type for the persistent class [class com.zen.app.shared.location.Address] is set to [FIELD].
[EL Config]: metadata: 2015-11-30 05:09:38.886--ServerSession(1625077388)--Thread(Thread[Test worker,5,main])--The access type for the persistent class [class com.zen.app.shared.authentication.PassRecovery] is set to [FIELD].
[EL Config]: metadata: 2015-11-30 05:09:38.886--ServerSession(1625077388)--Thread(Thread[Test worker,5,main])--The target entity (reference) class for the one to one mapping element [field user] is being defaulted to: class com.zen.app.shared.authentication.User.
[EL Config]: metadata: 2015-11-30 05:09:38.887--ServerSession(1625077388)--Thread(Thread[Test worker,5,main])--The access type for the persistent class [class com.zen.app.shared.authorization.RoleMenuBridge] is set to [FIELD].
[EL Config]: metadata: 2015-11-30 05:09:38.887--ServerSession(1625077388)--Thread(Thread[Test worker,5,main])--The target entity (reference) class for the one to one mapping element [field roles] is being defaulted to: class com.zen.app.shared.authorization.Roles.
[EL Config]: metadata: 2015-11-30 05:09:38.888--ServerSession(1625077388)--Thread(Thread[Test worker,5,main])--The access type for the persistent class [class com.spartan.healthmeter.entity.ZenHealthGauge] is set to [FIELD].
[EL Config]: metadata: 2015-11-30 05:09:38.889--ServerSession(1625077388)--Thread(Thread[Test worker,5,main])--The access type for the persistent class [class com.athena.cloud.shared.entity.CloudDriveContentType] is set to [FIELD].
[EL Config]: metadata: 2015-11-30 05:09:38.89--ServerSession(1625077388)--Thread(Thread[Test worker,5,main])--The access type for the persistent class [class com.athena.shared.entity.report.ArtChartProperties] is set to [FIELD].
[EL Config]: metadata: 2015-11-30 05:09:38.891--ServerSession(1625077388)--Thread(Thread[Test worker,5,main])--The access type for the persistent class [class com.zen.app.shared.location.Taluka] is set to [FIELD].
[EL Config]: metadata: 2015-11-30 05:09:38.892--ServerSession(1625077388)--Thread(Thread[Test worker,5,main])--The access type for the persistent class [class com.athena.shared.entity.query.ArtUserLastStatus] is set to [FIELD].
[EL Config]: metadata: 2015-11-30 05:09:38.894--ServerSession(1625077388)--Thread(Thread[Test worker,5,main])--The access type for the persistent class [class com.zen.app.shared.authentication.LoginSession] is set to [FIELD].
[EL Config]: metadata: 2015-11-30 05:09:38.895--ServerSession(1625077388)--Thread(Thread[Test worker,5,main])--The access type for the persistent class [class com.athena.shared.entity.query.ArtMasterForm] is set to [FIELD].
[EL Config]: metadata: 2015-11-30 05:09:38.896--ServerSession(1625077388)--Thread(Thread[Test worker,5,main])--The access type for the persistent class [class com.athena.deo.model.AwsExternalIntegration] is set to [FIELD].
[EL Config]: metadata: 2015-11-30 05:09:38.897--ServerSession(1625077388)--Thread(Thread[Test worker,5,main])--The access type for the persistent class [class com.athena.shared.entity.query.ArtUserMenu] is set to [FIELD].
[EL Config]: metadata: 2015-11-30 05:09:38.898--ServerSession(1625077388)--Thread(Thread[Test worker,5,main])--The access type for the persistent class [class com.athena.cloud.shared.entity.CloudDriveTagShared] is set to [FIELD].
[EL Config]: metadata: 2015-11-30 05:09:38.899--ServerSession(1625077388)--Thread(Thread[Test worker,5,main])--The target entity (reference) class for the one to one mapping element [field tags] is being defaulted to: class com.athena.cloud.shared.entity.CloudDriveTags.
[EL Config]: metadata: 2015-11-30 05:09:38.899--ServerSession(1625077388)--Thread(Thread[Test worker,5,main])--The access type for the persistent class [class com.zen.app.shared.customers.AppCustomerType] is set to [FIELD].
[EL Config]: metadata: 2015-11-30 05:09:38.9--ServerSession(1625077388)--Thread(Thread[Test worker,5,main])--The access type for the persistent class [class com.zen.app.shared.contacts.Title] is set to [FIELD].
[EL Config]: metadata: 2015-11-30 05:09:38.901--ServerSession(1625077388)--Thread(Thread[Test worker,5,main])--The access type for the persistent class [class com.zen.app.shared.location.AddressType] is set to [FIELD].
[EL Config]: metadata: 2015-11-30 05:09:38.901--ServerSession(1625077388)--Thread(Thread[Test worker,5,main])--The access type for the persistent class [class com.spartan.healthmeter.entity.HealthSchedulerConfiguration] is set to [FIELD].
[EL Config]: metadata: 2015-11-30 05:09:38.904--ServerSession(1625077388)--Thread(Thread[Test worker,5,main])--The access type for the persistent class [class com.athena.cloud.shared.entity.CloudDriveFileVersion] is set to [FIELD].
[EL Config]: metadata: 2015-11-30 05:09:38.904--ServerSession(1625077388)--Thread(Thread[Test worker,5,main])--The target entity (reference) class for the one to one mapping element [field file] is being defaulted to: class com.athena.cloud.shared.entity.CloudDriveFiles.
[EL Config]: metadata: 2015-11-30 05:09:38.905--ServerSession(1625077388)--Thread(Thread[Test worker,5,main])--The access type for the persistent class [class com.spartan.healthmeter.entity.ZenSchedulerHealth] is set to [FIELD].
[EL Config]: metadata: 2015-11-30 05:09:38.907--ServerSession(1625077388)--Thread(Thread[Test worker,5,main])--The access type for the persistent class [class com.athena.shared.entity.report.ArtChartType] is set to [FIELD].
[EL Config]: metadata: 2015-11-30 05:09:38.908--ServerSession(1625077388)--Thread(Thread[Test worker,5,main])--The target entity (reference) class for the one to one mapping element [field chart_id] is being defaulted to: class com.athena.shared.entity.report.ArtChartCategory.
[EL Config]: metadata: 2015-11-30 05:09:38.908--ServerSession(1625077388)--Thread(Thread[Test worker,5,main])--The access type for the persistent class [class com.zen.app.shared.contacts.CommunicationGroup] is set to [FIELD].
[EL Config]: metadata: 2015-11-30 05:09:38.909--ServerSession(1625077388)--Thread(Thread[Test worker,5,main])--The access type for the persistent class [class com.zen.app.shared.app.Club] is set to [FIELD].
[EL Config]: metadata: 2015-11-30 05:09:38.91--ServerSession(1625077388)--Thread(Thread[Test worker,5,main])--The access type for the persistent class [class com.zen.app.shared.authentication.UserAccessLevel] is set to [FIELD].
[EL Config]: metadata: 2015-11-30 05:09:38.912--ServerSession(1625077388)--Thread(Thread[Test worker,5,main])--The access type for the persistent class [class com.zen.app.shared.authorization.UserRoleBridge] is set to [FIELD].
[EL Config]: metadata: 2015-11-30 05:09:38.912--ServerSession(1625077388)--Thread(Thread[Test worker,5,main])--The access type for the persistent class [class com.athena.shared.entity.query.ArtDatabaseFunction] is set to [FIELD].
[EL Config]: metadata: 2015-11-30 05:09:38.913--ServerSession(1625077388)--Thread(Thread[Test worker,5,main])--The access type for the persistent class [class com.zen.app.shared.authentication.UserAccessDomain] is set to [FIELD].
[EL Config]: metadata: 2015-11-30 05:09:38.914--ServerSession(1625077388)--Thread(Thread[Test worker,5,main])--The access type for the persistent class [class com.athena.shared.entity.report.ArtChartPropLanguage] is set to [FIELD].
[EL Config]: metadata: 2015-11-30 05:09:38.914--ServerSession(1625077388)--Thread(Thread[Test worker,5,main])--The target entity (reference) class for the one to one mapping element [field property_id] is being defaulted to: class com.athena.shared.entity.report.ArtChartProperties.
[EL Config]: metadata: 2015-11-30 05:09:38.915--ServerSession(1625077388)--Thread(Thread[Test worker,5,main])--The target entity (reference) class for the one to one mapping element [field lang_id] is being defaulted to: class com.athena.shared.entity.report.ArtLangMaster.
[EL Config]: metadata: 2015-11-30 05:09:38.915--ServerSession(1625077388)--Thread(Thread[Test worker,5,main])--The access type for the persistent class [class com.zen.app.shared.contacts.CommunicationData] is set to [FIELD].
[EL Config]: metadata: 2015-11-30 05:09:38.916--ServerSession(1625077388)--Thread(Thread[Test worker,5,main])--The access type for the persistent class [class com.spartan.shield.server.entity.AppSessionConfig] is set to [FIELD].
[EL Config]: metadata: 2015-11-30 05:09:38.916--ServerSession(1625077388)--Thread(Thread[Test worker,5,main])--The access type for the persistent class [class com.athena.shared.entity.report.ArtLangMaster] is set to [FIELD].
[EL Config]: metadata: 2015-11-30 05:09:38.917--ServerSession(1625077388)--Thread(Thread[Test worker,5,main])--The access type for the persistent class [class com.athena.shared.entity.query.ArtDatabaseOperators] is set to [FIELD].
[EL Config]: metadata: 2015-11-30 05:09:38.918--ServerSession(1625077388)--Thread(Thread[Test worker,5,main])--The access type for the persistent class [class com.zen.app.shared.authentication.Question] is set to [FIELD].
[EL Config]: metadata: 2015-11-30 05:09:38.918--ServerSession(1625077388)--Thread(Thread[Test worker,5,main])--The access type for the persistent class [class com.zen.app.shared.authentication.User] is set to [FIELD].
[EL Config]: metadata: 2015-11-30 05:09:38.919--ServerSession(1625077388)--Thread(Thread[Test worker,5,main])--The target entity (reference) class for the one to one mapping element [field userData] is being defaulted to: class com.zen.app.shared.authentication.UserData.
[EL Config]: metadata: 2015-11-30 05:09:38.92--ServerSession(1625077388)--Thread(Thread[Test worker,5,main])--The target entity (reference) class for the one to many mapping element [field passRecovery] is being defaulted to: class com.zen.app.shared.authentication.PassRecovery.
[EL Config]: metadata: 2015-11-30 05:09:38.92--ServerSession(1625077388)--Thread(Thread[Test worker,5,main])--The access type for the persistent class [class com.athena.cloud.shared.entity.CloudDriveFileShared] is set to [FIELD].
[EL Config]: metadata: 2015-11-30 05:09:38.92--ServerSession(1625077388)--Thread(Thread[Test worker,5,main])--The target entity (reference) class for the one to one mapping element [field file] is being defaulted to: class com.athena.cloud.shared.entity.CloudDriveFiles.
[EL Config]: metadata: 2015-11-30 05:09:38.921--ServerSession(1625077388)--Thread(Thread[Test worker,5,main])--The access type for the persistent class [class com.zen.app.shared.customers.AppCustomerCategory] is set to [FIELD].
[EL Config]: metadata: 2015-11-30 05:09:38.921--ServerSession(1625077388)--Thread(Thread[Test worker,5,main])--The access type for the persistent class [class com.spartan.healthmeter.entity.ZenHealthStatus] is set to [FIELD].
[EL Config]: metadata: 2015-11-30 05:09:38.922--ServerSession(1625077388)--Thread(Thread[Test worker,5,main])--The access type for the persistent class [class com.athena.cloud.shared.entity.CloudDriveDefaultTags] is set to [FIELD].
[EL Config]: metadata: 2015-11-30 05:09:38.922--ServerSession(1625077388)--Thread(Thread[Test worker,5,main])--The access type for the persistent class [class com.athena.shared.entity.query.ArtTableFieldDetails] is set to [FIELD].
[EL Config]: metadata: 2015-11-30 05:09:38.923--ServerSession(1625077388)--Thread(Thread[Test worker,5,main])--The target entity (reference) class for the many to one mapping element [field awsTableDetail] is being defaulted to: class com.athena.shared.entity.query.ArtTableDetails.
[EL Config]: metadata: 2015-11-30 05:09:38.924--ServerSession(1625077388)--Thread(Thread[Test worker,5,main])--The access type for the persistent class [class com.zen.app.shared.authentication.UserData] is set to [FIELD].
[EL Config]: metadata: 2015-11-30 05:09:38.925--ServerSession(1625077388)--Thread(Thread[Test worker,5,main])--The target entity (reference) class for the one to one mapping element [field user] is being defaulted to: class com.zen.app.shared.authentication.User.
[EL Config]: metadata: 2015-11-30 05:09:38.925--ServerSession(1625077388)--Thread(Thread[Test worker,5,main])--The access type for the persistent class [class com.zen.app.shared.contacts.Gender] is set to [FIELD].
[EL Config]: metadata: 2015-11-30 05:09:38.925--ServerSession(1625077388)--Thread(Thread[Test worker,5,main])--The access type for the persistent class [class com.zen.app.shared.location.District] is set to [FIELD].
[EL Config]: metadata: 2015-11-30 05:09:38.926--ServerSession(1625077388)--Thread(Thread[Test worker,5,main])--The access type for the persistent class [class com.spartan.healthmeter.entity.ZenRequestDetails] is set to [FIELD].
[EL Config]: metadata: 2015-11-30 05:09:38.927--ServerSession(1625077388)--Thread(Thread[Test worker,5,main])--The access type for the persistent class [class com.athena.ruleengine.shared.ArtRules] is set to [FIELD].
[EL Config]: metadata: 2015-11-30 05:09:38.928--ServerSession(1625077388)--Thread(Thread[Test worker,5,main])--The access type for the persistent class [class com.athena.shared.entity.report.ArtReportBuilderDetails] is set to [FIELD].
[EL Config]: metadata: 2015-11-30 05:09:38.929--ServerSession(1625077388)--Thread(Thread[Test worker,5,main])--The access type for the persistent class [class com.zen.app.shared.location.Region] is set to [FIELD].
[EL Config]: metadata: 2015-11-30 05:09:38.93--ServerSession(1625077388)--Thread(Thread[Test worker,5,main])--The access type for the persistent class [class com.athena.cloud.shared.entity.CloudDriveTagFiles] is set to [FIELD].
[EL Config]: metadata: 2015-11-30 05:09:38.93--ServerSession(1625077388)--Thread(Thread[Test worker,5,main])--The target entity (reference) class for the one to one mapping element [field tags] is being defaulted to: class com.athena.cloud.shared.entity.CloudDriveTags.
[EL Config]: metadata: 2015-11-30 05:09:38.93--ServerSession(1625077388)--Thread(Thread[Test worker,5,main])--The target entity (reference) class for the one to one mapping element [field file] is being defaulted to: class com.athena.cloud.shared.entity.CloudDriveFiles.
[EL Config]: metadata: 2015-11-30 05:09:38.93--ServerSession(1625077388)--Thread(Thread[Test worker,5,main])--The access type for the persistent class [class com.zen.app.shared.location.City] is set to [FIELD].
[EL Config]: metadata: 2015-11-30 05:09:38.931--ServerSession(1625077388)--Thread(Thread[Test worker,5,main])--The access type for the persistent class [class com.zen.app.shared.app.ClubMembers] is set to [FIELD].
[EL Config]: metadata: 2015-11-30 05:09:38.931--ServerSession(1625077388)--Thread(Thread[Test worker,5,main])--The access type for the persistent class [class com.zen.app.shared.authentication.SessionData] is set to [FIELD].
[EL Config]: metadata: 2015-11-30 05:09:38.932--ServerSession(1625077388)--Thread(Thread[Test worker,5,main])--The access type for the persistent class [class com.spartan.healthmeter.entity.ZenHealthCounter] is set to [FIELD].
[EL Config]: metadata: 2015-11-30 05:09:38.933--ServerSession(1625077388)--Thread(Thread[Test worker,5,main])--The access type for the persistent class [class com.zen.app.shared.contacts.CoreContacts] is set to [FIELD].
[EL Config]: metadata: 2015-11-30 05:09:38.934--ServerSession(1625077388)--Thread(Thread[Test worker,5,main])--The target entity (reference) class for the one to many mapping element [field address] is being defaulted to: class com.zen.app.shared.location.Address.
[EL Config]: metadata: 2015-11-30 05:09:38.934--ServerSession(1625077388)--Thread(Thread[Test worker,5,main])--The target entity (reference) class for the one to many mapping element [field communicationData] is being defaulted to: class com.zen.app.shared.contacts.CommunicationData.
[EL Config]: metadata: 2015-11-30 05:09:38.935--ServerSession(1625077388)--Thread(Thread[Test worker,5,main])--The access type for the persistent class [class com.spartan.healthmeter.entity.ZenHealth] is set to [FIELD].
[EL Config]: metadata: 2015-11-30 05:09:38.936--ServerSession(1625077388)--Thread(Thread[Test worker,5,main])--The access type for the persistent class [class com.athena.shared.entity.report.ArtChartDataFieldJson] is set to [FIELD].
[EL Config]: metadata: 2015-11-30 05:09:38.937--ServerSession(1625077388)--Thread(Thread[Test worker,5,main])--The access type for the persistent class [class com.athena.shared.entity.report.ArtReportUI] is set to [FIELD].
[EL Config]: metadata: 2015-11-30 05:09:38.938--ServerSession(1625077388)--Thread(Thread[Test worker,5,main])--The access type for the persistent class [class com.zen.app.shared.location.State] is set to [FIELD].
[EL Config]: metadata: 2015-11-30 05:09:38.939--ServerSession(1625077388)--Thread(Thread[Test worker,5,main])--The access type for the persistent class [class com.athena.shared.entity.report.ArtService] is set to [FIELD].
[EL Config]: metadata: 2015-11-30 05:09:38.939--ServerSession(1625077388)--Thread(Thread[Test worker,5,main])--The target entity (reference) class for the one to many mapping element [field artServiceOperations] is being defaulted to: class com.athena.shared.entity.report.ArtServiceOperation.
[EL Config]: metadata: 2015-11-30 05:09:38.94--ServerSession(1625077388)--Thread(Thread[Test worker,5,main])--The access type for the persistent class [class com.athena.server.bean.EntityBean] is set to [FIELD].
[EL Config]: metadata: 2015-11-30 05:09:38.94--ServerSession(1625077388)--Thread(Thread[Test worker,5,main])--The access type for the persistent class [class com.zen.app.shared.contacts.ContactType] is set to [FIELD].
[EL Config]: metadata: 2015-11-30 05:09:38.941--ServerSession(1625077388)--Thread(Thread[Test worker,5,main])--The access type for the persistent class [class com.zen.app.shared.authorization.Roles] is set to [FIELD].
[EL Config]: metadata: 2015-11-30 05:09:38.941--ServerSession(1625077388)--Thread(Thread[Test worker,5,main])--The target entity (reference) class for the one to many mapping element [field roleMenuBridge] is being defaulted to: class com.zen.app.shared.authorization.RoleMenuBridge.
[EL Config]: metadata: 2015-11-30 05:09:38.942--ServerSession(1625077388)--Thread(Thread[Test worker,5,main])--The access type for the persistent class [class com.athena.shared.entity.query.ArtDatabaseAggregate] is set to [FIELD].
[EL Config]: metadata: 2015-11-30 05:09:38.942--ServerSession(1625077388)--Thread(Thread[Test worker,5,main])--The access type for the persistent class [class com.zen.app.shared.location.Language] is set to [FIELD].
[EL Config]: metadata: 2015-11-30 05:09:38.943--ServerSession(1625077388)--Thread(Thread[Test worker,5,main])--The access type for the persistent class [class com.zen.app.shared.EntityAudit] is set to [FIELD].
[EL Config]: metadata: 2015-11-30 05:09:38.944--ServerSession(1625077388)--Thread(Thread[Test worker,5,main])--The access type for the persistent class [class com.zen.app.shared.SystemInfo] is set to [FIELD].
[EL Config]: metadata: 2015-11-30 05:09:38.953--ServerSession(1625077388)--Thread(Thread[Test worker,5,main])--The alias name for the entity class [class com.athena.shared.entity.query.ArtQuery] is being defaulted to: ArtQuery.
[EL Config]: metadata: 2015-11-30 05:09:38.966--ServerSession(1625077388)--Thread(Thread[Test worker,5,main])--The alias name for the entity class [class com.athena.shared.entity.query.ArtMenu] is being defaulted to: ArtMenu.
[EL Config]: metadata: 2015-11-30 05:09:38.967--ServerSession(1625077388)--Thread(Thread[Test worker,5,main])--The alias name for the entity class [class com.zen.app.shared.location.Timezone] is being defaulted to: Timezone.
[EL Config]: metadata: 2015-11-30 05:09:38.971--ServerSession(1625077388)--Thread(Thread[Test worker,5,main])--The alias name for the entity class [class com.athena.shared.entity.query.ArtTableEntityRelation] is being defaulted to: ArtTableEntityRelation.
[EL Config]: metadata: 2015-11-30 05:09:38.972--ServerSession(1625077388)--Thread(Thread[Test worker,5,main])--The alias name for the entity class [class com.zen.app.shared.contacts.CommunicationType] is being defaulted to: CommunicationType.
[EL Config]: metadata: 2015-11-30 05:09:38.973--ServerSession(1625077388)--Thread(Thread[Test worker,5,main])--The alias name for the entity class [class com.athena.cloud.shared.entity.CloudDriveTags] is being defaulted to: CloudDriveTags.
[EL Config]: metadata: 2015-11-30 05:09:38.975--ServerSession(1625077388)--Thread(Thread[Test worker,5,main])--The alias name for the entity class [class com.athena.shared.entity.report.ArtServiceOperation] is being defaulted to: ArtServiceOperation.
[EL Config]: metadata: 2015-11-30 05:09:38.976--ServerSession(1625077388)--Thread(Thread[Test worker,5,main])--The alias name for the entity class [class com.athena.shared.entity.report.ArtChartTemplate] is being defaulted to: ArtChartTemplate.
[EL Config]: metadata: 2015-11-30 05:09:38.977--ServerSession(1625077388)--Thread(Thread[Test worker,5,main])--The alias name for the entity class [class com.zen.app.shared.authentication.PasswordPolicy] is being defaulted to: PasswordPolicy.
[EL Config]: metadata: 2015-11-30 05:09:38.978--ServerSession(1625077388)--Thread(Thread[Test worker,5,main])--The alias name for the entity class [class com.zen.app.shared.authentication.PasswordAlgo] is being defaulted to: PasswordAlgo.
[EL Config]: metadata: 2015-11-30 05:09:38.978--ServerSession(1625077388)--Thread(Thread[Test worker,5,main])--The alias name for the entity class [class com.zen.app.shared.authentication.Login] is being defaulted to: Login.
[EL Config]: metadata: 2015-11-30 05:09:38.979--ServerSession(1625077388)--Thread(Thread[Test worker,5,main])--The alias name for the entity class [class com.athena.cloud.shared.entity.CloudDriveFiles] is being defaulted to: CloudDriveFiles.
[EL Config]: metadata: 2015-11-30 05:09:38.98--ServerSession(1625077388)--Thread(Thread[Test worker,5,main])--The alias name for the entity class [class com.athena.shared.entity.query.ArtTableDetails] is being defaulted to: ArtTableDetails.
[EL Config]: metadata: 2015-11-30 05:09:38.981--ServerSession(1625077388)--Thread(Thread[Test worker,5,main])--The alias name for the entity class [class com.zen.app.shared.location.Country] is being defaulted to: Country.
[EL Config]: metadata: 2015-11-30 05:09:38.982--ServerSession(1625077388)--Thread(Thread[Test worker,5,main])--The alias name for the entity class [class com.zen.app.shared.customers.AppCustomer] is being defaulted to: AppCustomer.
[EL Config]: metadata: 2015-11-30 05:09:38.983--ServerSession(1625077388)--Thread(Thread[Test worker,5,main])--The alias name for the entity class [class com.zen.app.shared.location.Currency] is being defaulted to: Currency.
[EL Config]: metadata: 2015-11-30 05:09:38.983--ServerSession(1625077388)--Thread(Thread[Test worker,5,main])--The alias name for the entity class [class com.athena.shared.entity.report.ArtChartCategory] is being defaulted to: ArtChartCategory.
[EL Config]: metadata: 2015-11-30 05:09:38.984--ServerSession(1625077388)--Thread(Thread[Test worker,5,main])--The alias name for the entity class [class com.zen.app.shared.authorization.AppMenus] is being defaulted to: AppMenus.
[EL Config]: metadata: 2015-11-30 05:09:38.985--ServerSession(1625077388)--Thread(Thread[Test worker,5,main])--The alias name for the entity class [class com.zen.app.shared.location.AddressExtended] is being defaulted to: AddressExtended.
[EL Config]: metadata: 2015-11-30 05:09:38.986--ServerSession(1625077388)--Thread(Thread[Test worker,5,main])--The alias name for the entity class [class com.zen.app.shared.location.Village] is being defaulted to: Village.
[EL Config]: metadata: 2015-11-30 05:09:38.987--ServerSession(1625077388)--Thread(Thread[Test worker,5,main])--The alias name for the entity class [class com.athena.shared.entity.report.ArtChartJson] is being defaulted to: ArtChartJson.
[EL Config]: metadata: 2015-11-30 05:09:38.988--ServerSession(1625077388)--Thread(Thread[Test worker,5,main])--The alias name for the entity class [class com.zen.app.shared.location.Address] is being defaulted to: Address.
[EL Config]: metadata: 2015-11-30 05:09:38.989--ServerSession(1625077388)--Thread(Thread[Test worker,5,main])--The alias name for the entity class [class com.zen.app.shared.authentication.PassRecovery] is being defaulted to: PassRecovery.
[EL Config]: metadata: 2015-11-30 05:09:38.989--ServerSession(1625077388)--Thread(Thread[Test worker,5,main])--The alias name for the entity class [class com.zen.app.shared.authorization.RoleMenuBridge] is being defaulted to: RoleMenuBridge.
[EL Config]: metadata: 2015-11-30 05:09:38.99--ServerSession(1625077388)--Thread(Thread[Test worker,5,main])--The alias name for the entity class [class com.spartan.healthmeter.entity.ZenHealthGauge] is being defaulted to: ZenHealthGauge.
[EL Config]: metadata: 2015-11-30 05:09:38.991--ServerSession(1625077388)--Thread(Thread[Test worker,5,main])--The alias name for the entity class [class com.athena.cloud.shared.entity.CloudDriveContentType] is being defaulted to: CloudDriveContentType.
[EL Config]: metadata: 2015-11-30 05:09:38.991--ServerSession(1625077388)--Thread(Thread[Test worker,5,main])--The alias name for the entity class [class com.athena.shared.entity.report.ArtChartProperties] is being defaulted to: ArtChartProperties.
[EL Config]: metadata: 2015-11-30 05:09:38.992--ServerSession(1625077388)--Thread(Thread[Test worker,5,main])--The alias name for the entity class [class com.zen.app.shared.location.Taluka] is being defaulted to: Taluka.
[EL Config]: metadata: 2015-11-30 05:09:38.993--ServerSession(1625077388)--Thread(Thread[Test worker,5,main])--The alias name for the entity class [class com.athena.shared.entity.query.ArtUserLastStatus] is being defaulted to: ArtUserLastStatus.
[EL Config]: metadata: 2015-11-30 05:09:38.994--ServerSession(1625077388)--Thread(Thread[Test worker,5,main])--The alias name for the entity class [class com.zen.app.shared.authentication.LoginSession] is being defaulted to: LoginSession.
[EL Config]: metadata: 2015-11-30 05:09:38.995--ServerSession(1625077388)--Thread(Thread[Test worker,5,main])--The alias name for the entity class [class com.athena.shared.entity.query.ArtMasterForm] is being defaulted to: ArtMasterForm.
[EL Config]: metadata: 2015-11-30 05:09:38.996--ServerSession(1625077388)--Thread(Thread[Test worker,5,main])--The alias name for the entity class [class com.athena.deo.model.AwsExternalIntegration] is being defaulted to: AwsExternalIntegration.
[EL Config]: metadata: 2015-11-30 05:09:38.997--ServerSession(1625077388)--Thread(Thread[Test worker,5,main])--The alias name for the entity class [class com.athena.shared.entity.query.ArtUserMenu] is being defaulted to: ArtUserMenu.
[EL Warning]: metadata: 2015-11-30 05:09:38.998--ServerSession(1625077388)--Thread(Thread[Test worker,5,main])--You have specified multiple ids for the entity class [com.athena.shared.entity.query.ArtUserMenu] without specifying an @IdClass. By doing this you may lose the ability to find by identity, distributed cache support etc. Note: You may however use entity manager find operations by passing a list of primary key fields. Else, you will have to use JPQL queries to read your entities. For other id options see @PrimaryKey.
[EL Config]: metadata: 2015-11-30 05:09:38.998--ServerSession(1625077388)--Thread(Thread[Test worker,5,main])--The alias name for the entity class [class com.athena.cloud.shared.entity.CloudDriveTagShared] is being defaulted to: CloudDriveTagShared.
[EL Config]: metadata: 2015-11-30 05:09:38.998--ServerSession(1625077388)--Thread(Thread[Test worker,5,main])--The column name for element [id] is being defaulted to: ID.
[EL Config]: metadata: 2015-11-30 05:09:38.999--ServerSession(1625077388)--Thread(Thread[Test worker,5,main])--The alias name for the entity class [class com.zen.app.shared.customers.AppCustomerType] is being defaulted to: AppCustomerType.
[EL Config]: metadata: 2015-11-30 05:09:38.999--ServerSession(1625077388)--Thread(Thread[Test worker,5,main])--The alias name for the entity class [class com.zen.app.shared.contacts.Title] is being defaulted to: Title.
[EL Config]: metadata: 2015-11-30 05:09:39.0--ServerSession(1625077388)--Thread(Thread[Test worker,5,main])--The alias name for the entity class [class com.zen.app.shared.location.AddressType] is being defaulted to: AddressType.
[EL Config]: metadata: 2015-11-30 05:09:39.001--ServerSession(1625077388)--Thread(Thread[Test worker,5,main])--The alias name for the entity class [class com.spartan.healthmeter.entity.HealthSchedulerConfiguration] is being defaulted to: HealthSchedulerConfiguration.
[EL Config]: metadata: 2015-11-30 05:09:39.001--ServerSession(1625077388)--Thread(Thread[Test worker,5,main])--The alias name for the entity class [class com.athena.cloud.shared.entity.CloudDriveFileVersion] is being defaulted to: CloudDriveFileVersion.
[EL Config]: metadata: 2015-11-30 05:09:39.002--ServerSession(1625077388)--Thread(Thread[Test worker,5,main])--The alias name for the entity class [class com.spartan.healthmeter.entity.ZenSchedulerHealth] is being defaulted to: ZenSchedulerHealth.
[EL Config]: metadata: 2015-11-30 05:09:39.003--ServerSession(1625077388)--Thread(Thread[Test worker,5,main])--The alias name for the entity class [class com.athena.shared.entity.report.ArtChartType] is being defaulted to: ArtChartType.
[EL Config]: metadata: 2015-11-30 05:09:39.004--ServerSession(1625077388)--Thread(Thread[Test worker,5,main])--The alias name for the entity class [class com.zen.app.shared.contacts.CommunicationGroup] is being defaulted to: CommunicationGroup.
[EL Config]: metadata: 2015-11-30 05:09:39.005--ServerSession(1625077388)--Thread(Thread[Test worker,5,main])--The alias name for the entity class [class com.zen.app.shared.app.Club] is being defaulted to: Club.
[EL Config]: metadata: 2015-11-30 05:09:39.006--ServerSession(1625077388)--Thread(Thread[Test worker,5,main])--The alias name for the entity class [class com.zen.app.shared.authentication.UserAccessLevel] is being defaulted to: UserAccessLevel.
[EL Config]: metadata: 2015-11-30 05:09:39.006--ServerSession(1625077388)--Thread(Thread[Test worker,5,main])--The alias name for the entity class [class com.zen.app.shared.authorization.UserRoleBridge] is being defaulted to: UserRoleBridge.
[EL Config]: metadata: 2015-11-30 05:09:39.007--ServerSession(1625077388)--Thread(Thread[Test worker,5,main])--The alias name for the entity class [class com.athena.shared.entity.query.ArtDatabaseFunction] is being defaulted to: ArtDatabaseFunction.
[EL Config]: metadata: 2015-11-30 05:09:39.007--ServerSession(1625077388)--Thread(Thread[Test worker,5,main])--The alias name for the entity class [class com.zen.app.shared.authentication.UserAccessDomain] is being defaulted to: UserAccessDomain.
[EL Config]: metadata: 2015-11-30 05:09:39.008--ServerSession(1625077388)--Thread(Thread[Test worker,5,main])--The alias name for the entity class [class com.athena.shared.entity.report.ArtChartPropLanguage] is being defaulted to: ArtChartPropLanguage.
[EL Config]: metadata: 2015-11-30 05:09:39.009--ServerSession(1625077388)--Thread(Thread[Test worker,5,main])--The alias name for the entity class [class com.zen.app.shared.contacts.CommunicationData] is being defaulted to: CommunicationData.
[EL Config]: metadata: 2015-11-30 05:09:39.009--ServerSession(1625077388)--Thread(Thread[Test worker,5,main])--The alias name for the entity class [class com.spartan.shield.server.entity.AppSessionConfig] is being defaulted to: AppSessionConfig.
[EL Config]: metadata: 2015-11-30 05:09:39.01--ServerSession(1625077388)--Thread(Thread[Test worker,5,main])--The alias name for the entity class [class com.athena.shared.entity.report.ArtLangMaster] is being defaulted to: ArtLangMaster.
[EL Config]: metadata: 2015-11-30 05:09:39.011--ServerSession(1625077388)--Thread(Thread[Test worker,5,main])--The alias name for the entity class [class com.athena.shared.entity.query.ArtDatabaseOperators] is being defaulted to: ArtDatabaseOperators.
[EL Config]: metadata: 2015-11-30 05:09:39.011--ServerSession(1625077388)--Thread(Thread[Test worker,5,main])--The alias name for the entity class [class com.zen.app.shared.authentication.Question] is being defaulted to: Question.
[EL Config]: metadata: 2015-11-30 05:09:39.012--ServerSession(1625077388)--Thread(Thread[Test worker,5,main])--The alias name for the entity class [class com.zen.app.shared.authentication.User] is being defaulted to: User.
[EL Config]: metadata: 2015-11-30 05:09:39.013--ServerSession(1625077388)--Thread(Thread[Test worker,5,main])--The alias name for the entity class [class com.athena.cloud.shared.entity.CloudDriveFileShared] is being defaulted to: CloudDriveFileShared.
[EL Config]: metadata: 2015-11-30 05:09:39.013--ServerSession(1625077388)--Thread(Thread[Test worker,5,main])--The column name for element [id] is being defaulted to: ID.
[EL Config]: metadata: 2015-11-30 05:09:39.014--ServerSession(1625077388)--Thread(Thread[Test worker,5,main])--The alias name for the entity class [class com.zen.app.shared.customers.AppCustomerCategory] is being defaulted to: AppCustomerCategory.
[EL Config]: metadata: 2015-11-30 05:09:39.014--ServerSession(1625077388)--Thread(Thread[Test worker,5,main])--The alias name for the entity class [class com.spartan.healthmeter.entity.ZenHealthStatus] is being defaulted to: ZenHealthStatus.
[EL Config]: metadata: 2015-11-30 05:09:39.015--ServerSession(1625077388)--Thread(Thread[Test worker,5,main])--The alias name for the entity class [class com.athena.cloud.shared.entity.CloudDriveDefaultTags] is being defaulted to: CloudDriveDefaultTags.
[EL Config]: metadata: 2015-11-30 05:09:39.016--ServerSession(1625077388)--Thread(Thread[Test worker,5,main])--The alias name for the entity class [class com.athena.shared.entity.query.ArtTableFieldDetails] is being defaulted to: ArtTableFieldDetails.
[EL Config]: metadata: 2015-11-30 05:09:39.017--ServerSession(1625077388)--Thread(Thread[Test worker,5,main])--The alias name for the entity class [class com.zen.app.shared.authentication.UserData] is being defaulted to: UserData.
[EL Config]: metadata: 2015-11-30 05:09:39.018--ServerSession(1625077388)--Thread(Thread[Test worker,5,main])--The alias name for the entity class [class com.zen.app.shared.contacts.Gender] is being defaulted to: Gender.
[EL Config]: metadata: 2015-11-30 05:09:39.019--ServerSession(1625077388)--Thread(Thread[Test worker,5,main])--The alias name for the entity class [class com.zen.app.shared.location.District] is being defaulted to: District.
[EL Config]: metadata: 2015-11-30 05:09:39.019--ServerSession(1625077388)--Thread(Thread[Test worker,5,main])--The alias name for the entity class [class com.spartan.healthmeter.entity.ZenRequestDetails] is being defaulted to: ZenRequestDetails.
[EL Config]: metadata: 2015-11-30 05:09:39.02--ServerSession(1625077388)--Thread(Thread[Test worker,5,main])--The alias name for the entity class [class com.athena.ruleengine.shared.ArtRules] is being defaulted to: ArtRules.
[EL Config]: metadata: 2015-11-30 05:09:39.021--ServerSession(1625077388)--Thread(Thread[Test worker,5,main])--The alias name for the entity class [class com.athena.shared.entity.report.ArtReportBuilderDetails] is being defaulted to: ArtReportBuilderDetails.
[EL Config]: metadata: 2015-11-30 05:09:39.022--ServerSession(1625077388)--Thread(Thread[Test worker,5,main])--The alias name for the entity class [class com.zen.app.shared.location.Region] is being defaulted to: Region.
[EL Config]: metadata: 2015-11-30 05:09:39.023--ServerSession(1625077388)--Thread(Thread[Test worker,5,main])--The alias name for the entity class [class com.athena.cloud.shared.entity.CloudDriveTagFiles] is being defaulted to: CloudDriveTagFiles.
[EL Config]: metadata: 2015-11-30 05:09:39.024--ServerSession(1625077388)--Thread(Thread[Test worker,5,main])--The column name for element [id] is being defaulted to: ID.
[EL Config]: metadata: 2015-11-30 05:09:39.024--ServerSession(1625077388)--Thread(Thread[Test worker,5,main])--The alias name for the entity class [class com.zen.app.shared.location.City] is being defaulted to: City.
[EL Config]: metadata: 2015-11-30 05:09:39.024--ServerSession(1625077388)--Thread(Thread[Test worker,5,main])--The alias name for the entity class [class com.zen.app.shared.app.ClubMembers] is being defaulted to: ClubMembers.
[EL Config]: metadata: 2015-11-30 05:09:39.025--ServerSession(1625077388)--Thread(Thread[Test worker,5,main])--The alias name for the entity class [class com.zen.app.shared.authentication.SessionData] is being defaulted to: SessionData.
[EL Config]: metadata: 2015-11-30 05:09:39.026--ServerSession(1625077388)--Thread(Thread[Test worker,5,main])--The alias name for the entity class [class com.spartan.healthmeter.entity.ZenHealthCounter] is being defaulted to: ZenHealthCounter.
[EL Config]: metadata: 2015-11-30 05:09:39.026--ServerSession(1625077388)--Thread(Thread[Test worker,5,main])--The alias name for the entity class [class com.zen.app.shared.contacts.CoreContacts] is being defaulted to: CoreContacts.
[EL Config]: metadata: 2015-11-30 05:09:39.028--ServerSession(1625077388)--Thread(Thread[Test worker,5,main])--The alias name for the entity class [class com.spartan.healthmeter.entity.ZenHealth] is being defaulted to: ZenHealth.
[EL Config]: metadata: 2015-11-30 05:09:39.029--ServerSession(1625077388)--Thread(Thread[Test worker,5,main])--The alias name for the entity class [class com.athena.shared.entity.report.ArtChartDataFieldJson] is being defaulted to: ArtChartDataFieldJson.
[EL Config]: metadata: 2015-11-30 05:09:39.03--ServerSession(1625077388)--Thread(Thread[Test worker,5,main])--The alias name for the entity class [class com.athena.shared.entity.report.ArtReportUI] is being defaulted to: ArtReportUI.
[EL Config]: metadata: 2015-11-30 05:09:39.031--ServerSession(1625077388)--Thread(Thread[Test worker,5,main])--The alias name for the entity class [class com.zen.app.shared.location.State] is being defaulted to: State.
[EL Config]: metadata: 2015-11-30 05:09:39.032--ServerSession(1625077388)--Thread(Thread[Test worker,5,main])--The alias name for the entity class [class com.athena.shared.entity.report.ArtService] is being defaulted to: ArtService.
[EL Config]: metadata: 2015-11-30 05:09:39.033--ServerSession(1625077388)--Thread(Thread[Test worker,5,main])--The alias name for the entity class [class com.athena.server.bean.EntityBean] is being defaulted to: EntityBean.
[EL Config]: metadata: 2015-11-30 05:09:39.033--ServerSession(1625077388)--Thread(Thread[Test worker,5,main])--The table name for entity [class com.athena.server.bean.EntityBean] is being defaulted to: ENTITYBEAN.
[EL Config]: metadata: 2015-11-30 05:09:39.033--ServerSession(1625077388)--Thread(Thread[Test worker,5,main])--The column name for element [id] is being defaulted to: ID.
[EL Config]: metadata: 2015-11-30 05:09:39.033--ServerSession(1625077388)--Thread(Thread[Test worker,5,main])--The column name for element [name] is being defaulted to: NAME.
[EL Config]: metadata: 2015-11-30 05:09:39.034--ServerSession(1625077388)--Thread(Thread[Test worker,5,main])--The column name for element [fields] is being defaulted to: FIELDS.
[EL Config]: metadata: 2015-11-30 05:09:39.036--ServerSession(1625077388)--Thread(Thread[Test worker,5,main])--The alias name for the entity class [class com.zen.app.shared.contacts.ContactType] is being defaulted to: ContactType.
[EL Config]: metadata: 2015-11-30 05:09:39.037--ServerSession(1625077388)--Thread(Thread[Test worker,5,main])--The alias name for the entity class [class com.zen.app.shared.authorization.Roles] is being defaulted to: Roles.
[EL Config]: metadata: 2015-11-30 05:09:39.037--ServerSession(1625077388)--Thread(Thread[Test worker,5,main])--The alias name for the entity class [class com.athena.shared.entity.query.ArtDatabaseAggregate] is being defaulted to: ArtDatabaseAggregate.
[EL Config]: metadata: 2015-11-30 05:09:39.038--ServerSession(1625077388)--Thread(Thread[Test worker,5,main])--The alias name for the entity class [class com.zen.app.shared.location.Language] is being defaulted to: Language.
[EL Config]: metadata: 2015-11-30 05:09:39.049--ServerSession(1625077388)--Thread(Thread[Test worker,5,main])--The primary key column name for the mapping element [field artservice] is being defaulted to: service_id.
[EL Config]: metadata: 2015-11-30 05:09:39.062--ServerSession(1625077388)--Thread(Thread[Test worker,5,main])--The primary key column name for the mapping element [field contentType] is being defaulted to: file_mime_type.
[EL Config]: metadata: 2015-11-30 05:09:39.062--ServerSession(1625077388)--Thread(Thread[Test worker,5,main])--The primary key column name for the mapping element [field file] is being defaulted to: file_id.
[EL Config]: metadata: 2015-11-30 05:09:39.063--ServerSession(1625077388)--Thread(Thread[Test worker,5,main])--The primary key column name for the mapping element [field file] is being defaulted to: file_id.
[EL Config]: metadata: 2015-11-30 05:09:39.063--ServerSession(1625077388)--Thread(Thread[Test worker,5,main])--The primary key column name for the mapping element [field file] is being defaulted to: file_id.
[EL Info]: 2015-11-30 05:09:39.918--ServerSession(1625077388)--Thread(Thread[Test worker,5,main])--EclipseLink, version: Eclipse Persistence Services - 2.5.1.v20130918-f2b9fc5
[EL Fine]: connection: 2015-11-30 05:09:45.225--Thread(Thread[Test worker,5,main])--Detected database platform: org.eclipse.persistence.platform.database.MySQLPlatform
[EL Config]: connection: 2015-11-30 05:09:45.235--ServerSession(1625077388)--Connection(1880486848)--Thread(Thread[Test worker,5,main])--connecting(DatabaseLogin(
	platform=>MySQLPlatform
	user name=> "zenwsdb"
	datasource URL=> "jdbc:mysql://localhost:3306/zenwsdb"
))
[EL Config]: connection: 2015-11-30 05:09:45.24--ServerSession(1625077388)--Connection(2145073686)--Thread(Thread[Test worker,5,main])--Connected: jdbc:mysql://localhost:3306/zenwsdb
	User: zenwsdb@172.17.0.4
	Database: MySQL  Version: 5.7.7-rc
	Driver: MySQL Connector Java  Version: mysql-connector-java-5.1.31 ( Revision: alexander.soklakov@oracle.com-20140520065950-groqzzbvxprqdmnz )
[EL Config]: connection: 2015-11-30 05:09:45.24--ServerSession(1625077388)--Connection(297974766)--Thread(Thread[Test worker,5,main])--connecting(DatabaseLogin(
	platform=>MySQLPlatform
	user name=> "zenwsdb"
	datasource URL=> "jdbc:mysql://localhost:3306/zenwsdb"
))
[EL Config]: connection: 2015-11-30 05:09:45.245--ServerSession(1625077388)--Connection(1933503156)--Thread(Thread[Test worker,5,main])--Connected: jdbc:mysql://localhost:3306/zenwsdb
	User: zenwsdb@172.17.0.4
	Database: MySQL  Version: 5.7.7-rc
	Driver: MySQL Connector Java  Version: mysql-connector-java-5.1.31 ( Revision: alexander.soklakov@oracle.com-20140520065950-groqzzbvxprqdmnz )
[EL Config]: connection: 2015-11-30 05:09:45.245--ServerSession(1625077388)--Connection(664996488)--Thread(Thread[Test worker,5,main])--connecting(DatabaseLogin(
	platform=>MySQLPlatform
	user name=> "zenwsdb"
	datasource URL=> "jdbc:mysql://localhost:3306/zenwsdb"
))
[EL Config]: connection: 2015-11-30 05:09:45.25--ServerSession(1625077388)--Connection(1719178213)--Thread(Thread[Test worker,5,main])--Connected: jdbc:mysql://localhost:3306/zenwsdb
	User: zenwsdb@172.17.0.4
	Database: MySQL  Version: 5.7.7-rc
	Driver: MySQL Connector Java  Version: mysql-connector-java-5.1.31 ( Revision: alexander.soklakov@oracle.com-20140520065950-groqzzbvxprqdmnz )
[EL Config]: connection: 2015-11-30 05:09:45.25--ServerSession(1625077388)--Connection(1983239153)--Thread(Thread[Test worker,5,main])--connecting(DatabaseLogin(
	platform=>MySQLPlatform
	user name=> "zenwsdb"
	datasource URL=> "jdbc:mysql://localhost:3306/zenwsdb"
))
[EL Config]: connection: 2015-11-30 05:09:45.256--ServerSession(1625077388)--Connection(1748969804)--Thread(Thread[Test worker,5,main])--Connected: jdbc:mysql://localhost:3306/zenwsdb
	User: zenwsdb@172.17.0.4
	Database: MySQL  Version: 5.7.7-rc
	Driver: MySQL Connector Java  Version: mysql-connector-java-5.1.31 ( Revision: alexander.soklakov@oracle.com-20140520065950-groqzzbvxprqdmnz )
[EL Config]: connection: 2015-11-30 05:09:45.256--ServerSession(1625077388)--Connection(179335692)--Thread(Thread[Test worker,5,main])--connecting(DatabaseLogin(
	platform=>MySQLPlatform
	user name=> "zenwsdb"
	datasource URL=> "jdbc:mysql://localhost:3306/zenwsdb"
))
[EL Config]: connection: 2015-11-30 05:09:45.262--ServerSession(1625077388)--Connection(1725931082)--Thread(Thread[Test worker,5,main])--Connected: jdbc:mysql://localhost:3306/zenwsdb
	User: zenwsdb@172.17.0.4
	Database: MySQL  Version: 5.7.7-rc
	Driver: MySQL Connector Java  Version: mysql-connector-java-5.1.31 ( Revision: alexander.soklakov@oracle.com-20140520065950-groqzzbvxprqdmnz )
[EL Config]: connection: 2015-11-30 05:09:45.262--ServerSession(1625077388)--Connection(1662075145)--Thread(Thread[Test worker,5,main])--connecting(DatabaseLogin(
	platform=>MySQLPlatform
	user name=> "zenwsdb"
	datasource URL=> "jdbc:mysql://localhost:3306/zenwsdb"
))
[EL Config]: connection: 2015-11-30 05:09:45.268--ServerSession(1625077388)--Connection(678951391)--Thread(Thread[Test worker,5,main])--Connected: jdbc:mysql://localhost:3306/zenwsdb
	User: zenwsdb@172.17.0.4
	Database: MySQL  Version: 5.7.7-rc
	Driver: MySQL Connector Java  Version: mysql-connector-java-5.1.31 ( Revision: alexander.soklakov@oracle.com-20140520065950-groqzzbvxprqdmnz )
[EL Config]: connection: 2015-11-30 05:09:45.268--ServerSession(1625077388)--Connection(1555412026)--Thread(Thread[Test worker,5,main])--connecting(DatabaseLogin(
	platform=>MySQLPlatform
	user name=> "zenwsdb"
	datasource URL=> "jdbc:mysql://localhost:3306/zenwsdb"
))
[EL Config]: connection: 2015-11-30 05:09:45.273--ServerSession(1625077388)--Connection(1757857777)--Thread(Thread[Test worker,5,main])--Connected: jdbc:mysql://localhost:3306/zenwsdb
	User: zenwsdb@172.17.0.4
	Database: MySQL  Version: 5.7.7-rc
	Driver: MySQL Connector Java  Version: mysql-connector-java-5.1.31 ( Revision: alexander.soklakov@oracle.com-20140520065950-groqzzbvxprqdmnz )
[EL Config]: connection: 2015-11-30 05:09:45.274--ServerSession(1625077388)--Connection(1383126260)--Thread(Thread[Test worker,5,main])--connecting(DatabaseLogin(
	platform=>MySQLPlatform
	user name=> "zenwsdb"
	datasource URL=> "jdbc:mysql://localhost:3306/zenwsdb"
))
[EL Config]: connection: 2015-11-30 05:09:45.279--ServerSession(1625077388)--Connection(1143375468)--Thread(Thread[Test worker,5,main])--Connected: jdbc:mysql://localhost:3306/zenwsdb
	User: zenwsdb@172.17.0.4
	Database: MySQL  Version: 5.7.7-rc
	Driver: MySQL Connector Java  Version: mysql-connector-java-5.1.31 ( Revision: alexander.soklakov@oracle.com-20140520065950-groqzzbvxprqdmnz )
[EL Config]: connection: 2015-11-30 05:09:45.279--ServerSession(1625077388)--Connection(1027817320)--Thread(Thread[Test worker,5,main])--connecting(DatabaseLogin(
	platform=>MySQLPlatform
	user name=> "zenwsdb"
	datasource URL=> "jdbc:mysql://localhost:3306/zenwsdb"
))
[EL Config]: connection: 2015-11-30 05:09:45.284--ServerSession(1625077388)--Connection(302321682)--Thread(Thread[Test worker,5,main])--Connected: jdbc:mysql://localhost:3306/zenwsdb
	User: zenwsdb@172.17.0.4
	Database: MySQL  Version: 5.7.7-rc
	Driver: MySQL Connector Java  Version: mysql-connector-java-5.1.31 ( Revision: alexander.soklakov@oracle.com-20140520065950-groqzzbvxprqdmnz )
[EL Config]: connection: 2015-11-30 05:09:45.284--ServerSession(1625077388)--Connection(174200572)--Thread(Thread[Test worker,5,main])--connecting(DatabaseLogin(
	platform=>MySQLPlatform
	user name=> "zenwsdb"
	datasource URL=> "jdbc:mysql://localhost:3306/zenwsdb"
))
[EL Config]: connection: 2015-11-30 05:09:45.29--ServerSession(1625077388)--Connection(1073869981)--Thread(Thread[Test worker,5,main])--Connected: jdbc:mysql://localhost:3306/zenwsdb
	User: zenwsdb@172.17.0.4
	Database: MySQL  Version: 5.7.7-rc
	Driver: MySQL Connector Java  Version: mysql-connector-java-5.1.31 ( Revision: alexander.soklakov@oracle.com-20140520065950-groqzzbvxprqdmnz )
[EL Config]: connection: 2015-11-30 05:09:45.29--ServerSession(1625077388)--Connection(1080201279)--Thread(Thread[Test worker,5,main])--connecting(DatabaseLogin(
	platform=>MySQLPlatform
	user name=> "zenwsdb"
	datasource URL=> "jdbc:mysql://localhost:3306/zenwsdb"
))
[EL Config]: connection: 2015-11-30 05:09:45.295--ServerSession(1625077388)--Connection(562472873)--Thread(Thread[Test worker,5,main])--Connected: jdbc:mysql://localhost:3306/zenwsdb
	User: zenwsdb@172.17.0.4
	Database: MySQL  Version: 5.7.7-rc
	Driver: MySQL Connector Java  Version: mysql-connector-java-5.1.31 ( Revision: alexander.soklakov@oracle.com-20140520065950-groqzzbvxprqdmnz )
[EL Config]: connection: 2015-11-30 05:09:45.295--ServerSession(1625077388)--Connection(258562417)--Thread(Thread[Test worker,5,main])--connecting(DatabaseLogin(
	platform=>MySQLPlatform
	user name=> "zenwsdb"
	datasource URL=> "jdbc:mysql://localhost:3306/zenwsdb"
))
[EL Config]: connection: 2015-11-30 05:09:45.301--ServerSession(1625077388)--Connection(1296442962)--Thread(Thread[Test worker,5,main])--Connected: jdbc:mysql://localhost:3306/zenwsdb
	User: zenwsdb@172.17.0.4
	Database: MySQL  Version: 5.7.7-rc
	Driver: MySQL Connector Java  Version: mysql-connector-java-5.1.31 ( Revision: alexander.soklakov@oracle.com-20140520065950-groqzzbvxprqdmnz )
[EL Config]: connection: 2015-11-30 05:09:45.301--ServerSession(1625077388)--Connection(947779872)--Thread(Thread[Test worker,5,main])--connecting(DatabaseLogin(
	platform=>MySQLPlatform
	user name=> "zenwsdb"
	datasource URL=> "jdbc:mysql://localhost:3306/zenwsdb"
))
[EL Config]: connection: 2015-11-30 05:09:45.306--ServerSession(1625077388)--Connection(172441552)--Thread(Thread[Test worker,5,main])--Connected: jdbc:mysql://localhost:3306/zenwsdb
	User: zenwsdb@172.17.0.4
	Database: MySQL  Version: 5.7.7-rc
	Driver: MySQL Connector Java  Version: mysql-connector-java-5.1.31 ( Revision: alexander.soklakov@oracle.com-20140520065950-groqzzbvxprqdmnz )
[EL Config]: connection: 2015-11-30 05:09:45.306--ServerSession(1625077388)--Connection(1269724661)--Thread(Thread[Test worker,5,main])--connecting(DatabaseLogin(
	platform=>MySQLPlatform
	user name=> "zenwsdb"
	datasource URL=> "jdbc:mysql://localhost:3306/zenwsdb"
))
[EL Config]: connection: 2015-11-30 05:09:45.311--ServerSession(1625077388)--Connection(1965104477)--Thread(Thread[Test worker,5,main])--Connected: jdbc:mysql://localhost:3306/zenwsdb
	User: zenwsdb@172.17.0.4
	Database: MySQL  Version: 5.7.7-rc
	Driver: MySQL Connector Java  Version: mysql-connector-java-5.1.31 ( Revision: alexander.soklakov@oracle.com-20140520065950-groqzzbvxprqdmnz )
[EL Config]: connection: 2015-11-30 05:09:45.311--ServerSession(1625077388)--Connection(1359937726)--Thread(Thread[Test worker,5,main])--connecting(DatabaseLogin(
	platform=>MySQLPlatform
	user name=> "zenwsdb"
	datasource URL=> "jdbc:mysql://localhost:3306/zenwsdb"
))
[EL Config]: connection: 2015-11-30 05:09:45.317--ServerSession(1625077388)--Connection(930752675)--Thread(Thread[Test worker,5,main])--Connected: jdbc:mysql://localhost:3306/zenwsdb
	User: zenwsdb@172.17.0.4
	Database: MySQL  Version: 5.7.7-rc
	Driver: MySQL Connector Java  Version: mysql-connector-java-5.1.31 ( Revision: alexander.soklakov@oracle.com-20140520065950-groqzzbvxprqdmnz )
[EL Config]: connection: 2015-11-30 05:09:45.318--ServerSession(1625077388)--Connection(930752675)--Thread(Thread[Test worker,5,main])--disconnect
[EL Warning]: metadata: 2015-11-30 05:09:45.326--ServerSession(1625077388)--Thread(Thread[Test worker,5,main])--Reverting the lazy setting on the OneToOne or ManyToOne attribute [user] for the entity class [class com.zen.app.shared.authentication.PassRecovery] since weaving was not enabled or did not occur.
[EL Warning]: metadata: 2015-11-30 05:09:45.327--ServerSession(1625077388)--Thread(Thread[Test worker,5,main])--Reverting the lazy setting on the OneToOne or ManyToOne attribute [coreContacts] for the entity class [class com.zen.app.shared.authentication.Login] since weaving was not enabled or did not occur.
[EL Warning]: metadata: 2015-11-30 05:09:45.327--ServerSession(1625077388)--Thread(Thread[Test worker,5,main])--Reverting the lazy setting on the OneToOne or ManyToOne attribute [user] for the entity class [class com.zen.app.shared.authentication.Login] since weaving was not enabled or did not occur.
[EL Warning]: metadata: 2015-11-30 05:09:45.332--ServerSession(1625077388)--Thread(Thread[Test worker,5,main])--Reverting the lazy setting on the OneToOne or ManyToOne attribute [userData] for the entity class [class com.zen.app.shared.authentication.User] since weaving was not enabled or did not occur.
[EL Warning]: metadata: 2015-11-30 05:09:45.335--ServerSession(1625077388)--Thread(Thread[Test worker,5,main])--Reverting the lazy setting on the OneToOne or ManyToOne attribute [user] for the entity class [class com.zen.app.shared.authentication.UserData] since weaving was not enabled or did not occur.
[EL Info]: connection: 2015-11-30 05:09:45.535--ServerSession(1625077388)--Thread(Thread[Test worker,5,main])--file:/home/applifire/workspace/zenws/build/resources/main_zenws login successful
inside Disk Health
NOTIFYING OBSERVERS
notification received to observer
Queue manager defined with queue type 0 and size 100000
Event Queue Consumer started
came in healthmeter bean
came in initHealth
 Queue manager qType : 0
 Queue manager qSize : 10000
Queue manager defined with queue type 0 and size 10000
Event Queue Consumer started
+++++++++++++++++++++++++++++++++++++++++++++++++++++++++++++++
creating bean JpqlToSqlConfig
In around applifire repository aspect
Creating dir for logger @ logs/backups
Creating backup dir for logger @ logs/backups
Mon Nov 30 05:09:49 UTC 2015|DH-TP|***.***.***| appLogger : Starting all DataHandler Worker Threads.....
[EL Fine]: sql: 2015-11-30 05:09:49.947--ClientSession(1572942133)--Connection(1965104477)--Thread(Thread[Test worker,5,main])--SELECT query_id, active_status, app_creator_id, created_by, created_date, hidden_name, jpql_query, name, project_id, project_version_id, query_json, query_type, sql_query, updated_by, updated_date, version_id FROM art_query WHERE ((active_status = ?) AND (sql_query IS NULL))
	bind => [true]
[EL Config]: connection: 2015-11-30 05:09:49.978--ServerSession(1625077388)--Connection(1965104477)--Thread(Thread[Test worker,5,main])--disconnect
came in myClass bean
In around repository aspect
[EL Fine]: sql: 2015-11-30 05:09:55.374--ClientSession(957837137)--Connection(172441552)--Thread(Thread[Test worker,5,main])--INSERT INTO ast_AppMenus_M (menuId, appId, appType, menuAccessRights, menuAction, menuCommands, menuDisplay, menuHead, menuIcon, menuLabel, menuTreeId, RefObjectId, uiType, versionId, createdBy, createdDate, updatedBy, updatedDate, activeStatus, txnAccessCode) VALUES (?, ?, ?, ?, ?, ?, ?, ?, ?, ?, ?, ?, ?, ?, ?, ?, ?, ?, ?, ?)
	bind => [A8E18197-394E-4F47-AC50-63509CE3C8B7, eHDezfexxrM9Oi6TdPVnZOlO6ZwwVmiI6dNN6Wutdy2gF69HTq, 1, 0, F5VqlO1g5MZEx7QiBB8Svx4h1WMxxQ64noxYIRj59VquifE4tJ, QYhxgdpMQox5hlt6T3ouUcBOnd28zLJerEgDvyXQnAmqYVe9qg, true, true, VF0DCrgzTkZV7oz4yZLEAWGXwhd2DBbyvMqUN50VSAQgOtrNmk, JbdhaugdnoBMtO5OSBzDW08UdCc5Mp28ru7CfrOfGbTssLzB2J, 21XNtBM5iwA0DX9oZ2SLqJ43e5t4N4n5R5qP1dkrmkC4omGWAj, bozXYovNn8vt1OzmpRJElrgyrqkIERcdj5lIcBqcigpguR0ZOk, ddf, 1, AAAAA, 2015-11-30 10:39:55.278, null, 2015-11-30 10:39:55.278, 1, null]
[EL Config]: connection: 2015-11-30 05:09:55.516--ServerSession(1625077388)--Connection(172441552)--Thread(Thread[Test worker,5,main])--disconnect
Setting logged in user info for ADD
Setting logged in user info for ADD
In around repository aspect
[EL Fine]: sql: 2015-11-30 05:09:55.568--ClientSession(454587863)--Connection(1296442962)--Thread(Thread[Test worker,5,main])--INSERT INTO ast_Roles_T (roleId, RoleDescription, roleHelp, RoleIcon, RoleName, versionId, createdBy, createdDate, updatedBy, updatedDate, activeStatus, txnAccessCode) VALUES (?, ?, ?, ?, ?, ?, ?, ?, ?, ?, ?, ?)
	bind => [59EB2355-7B28-4D7A-BD64-A1FCAE76622B, 9kTcR4mcXlJGTUKPRItbb3v2epntEq1OafgLHOIG6VAwCUiPaF, mR4ow7gqJWABKtyqz4IFrwtK7c4buX4aFxvuHvkIizGR6dPsPz, ZwFeU6gImML5TVJx2oEiSWy6cnmkF3CGSCWoyiazhu0HVUjAy5, lYmKNrF3pa4wQOBZCvsIuQNO0Vl0yccm5UKhwxc66rD87f9ubL, 1, AAAAA, 2015-11-30 10:39:55.278, null, 2015-11-30 10:39:55.278, 1, null]
[EL Fine]: sql: 2015-11-30 05:09:55.571--ClientSession(454587863)--Connection(1296442962)--Thread(Thread[Test worker,5,main])--INSERT INTO ast_RoleMenuBridge_TP (roleMenuMapId, isExecute, isRead, isWrite, menuId, versionId, createdBy, createdDate, updatedBy, updatedDate, activeStatus, txnAccessCode, roleId) VALUES (?, ?, ?, ?, ?, ?, ?, ?, ?, ?, ?, ?, ?)
	bind => [D1991B3E-384B-4B94-BC77-B6389E700EE3, true, true, true, A8E18197-394E-4F47-AC50-63509CE3C8B7, 1, AAAAA, 2015-11-30 10:39:55.278, null, 2015-11-30 10:39:55.278, 1, null, 59EB2355-7B28-4D7A-BD64-A1FCAE76622B]
[EL Config]: connection: 2015-11-30 05:09:55.738--ServerSession(1625077388)--Connection(1296442962)--Thread(Thread[Test worker,5,main])--disconnect
In around repository aspect
[EL Fine]: sql: 2015-11-30 05:09:55.747--ClientSession(901775414)--Connection(562472873)--Thread(Thread[Test worker,5,main])--SELECT roleId, RoleDescription, roleHelp, RoleIcon, RoleName, versionId, createdBy, createdDate, updatedBy, updatedDate, activeStatus, txnAccessCode FROM ast_Roles_T WHERE ((activeStatus = ?) AND (roleId = ?))
	bind => [1, 59EB2355-7B28-4D7A-BD64-A1FCAE76622B]
[EL Fine]: sql: 2015-11-30 05:09:55.749--ClientSession(901775414)--Connection(562472873)--Thread(Thread[Test worker,5,main])--SELECT roleMenuMapId, isExecute, isRead, isWrite, menuId, versionId, createdBy, createdDate, updatedBy, updatedDate, activeStatus, txnAccessCode, roleId FROM ast_RoleMenuBridge_TP WHERE (roleId = ?)
	bind => [59EB2355-7B28-4D7A-BD64-A1FCAE76622B]
[EL Config]: connection: 2015-11-30 05:09:55.753--ServerSession(1625077388)--Connection(562472873)--Thread(Thread[Test worker,5,main])--disconnect
Setting logged in user info for UPDATE
Setting logged in user info for UPDATE
In around repository aspect
[EL Fine]: sql: 2015-11-30 05:09:55.758--ClientSession(1495611792)--Connection(1073869981)--Thread(Thread[Test worker,5,main])--SELECT roleId, RoleDescription, roleHelp, RoleIcon, RoleName, versionId, createdBy, createdDate, updatedBy, updatedDate, activeStatus, txnAccessCode FROM ast_Roles_T WHERE (roleId = ?)
	bind => [59EB2355-7B28-4D7A-BD64-A1FCAE76622B]
[EL Fine]: sql: 2015-11-30 05:09:55.759--ClientSession(1495611792)--Connection(1073869981)--Thread(Thread[Test worker,5,main])--SELECT roleMenuMapId, isExecute, isRead, isWrite, menuId, versionId, createdBy, createdDate, updatedBy, updatedDate, activeStatus, txnAccessCode, roleId FROM ast_RoleMenuBridge_TP WHERE (roleId = ?)
	bind => [59EB2355-7B28-4D7A-BD64-A1FCAE76622B]
[EL Fine]: sql: 2015-11-30 05:09:55.762--ClientSession(1495611792)--Connection(1073869981)--Thread(Thread[Test worker,5,main])--UPDATE ast_Roles_T SET RoleDescription = ?, roleHelp = ?, RoleIcon = ?, RoleName = ?, updatedBy = ?, versionId = ? WHERE ((roleId = ?) AND (versionId = ?))
	bind => [fIfcW0JnpQbbiLKYW2z0HcrZgZS0gRERIvBKoy38451cxMZAI8, SmecSI1QcYmVoYUrAzFdoSi8MZ9m4fZkqGlJGv4n1DeLWPQZ6J, O3dUiO5Y7VKsMN8Q3b0PzZYCZls9osTZukDsDZouKc14RRseqy, 9ENF0l3RErZhBQoHKRDYMtdfJNrIK23OBUGlDb5OI6OkFpLCIN, AAAAA, 2, 59EB2355-7B28-4D7A-BD64-A1FCAE76622B, 1]
[EL Fine]: sql: 2015-11-30 05:09:55.797--ClientSession(1495611792)--Connection(1073869981)--Thread(Thread[Test worker,5,main])--UPDATE ast_RoleMenuBridge_TP SET updatedBy = ?, versionId = ? WHERE ((roleMenuMapId = ?) AND (versionId = ?))
	bind => [AAAAA, 2, D1991B3E-384B-4B94-BC77-B6389E700EE3, 1]
[EL Config]: connection: 2015-11-30 05:09:55.868--ServerSession(1625077388)--Connection(1073869981)--Thread(Thread[Test worker,5,main])--disconnect
In around repository aspect
[EL Fine]: sql: 2015-11-30 05:09:55.873--ClientSession(995242858)--Connection(302321682)--Thread(Thread[Test worker,5,main])--SELECT roleId, RoleDescription, roleHelp, RoleIcon, RoleName, versionId, createdBy, createdDate, updatedBy, updatedDate, activeStatus, txnAccessCode FROM ast_Roles_T WHERE ((activeStatus = ?) AND (roleId = ?))
	bind => [1, 59EB2355-7B28-4D7A-BD64-A1FCAE76622B]
[EL Fine]: sql: 2015-11-30 05:09:55.875--ClientSession(995242858)--Connection(302321682)--Thread(Thread[Test worker,5,main])--SELECT roleMenuMapId, isExecute, isRead, isWrite, menuId, versionId, createdBy, createdDate, updatedBy, updatedDate, activeStatus, txnAccessCode, roleId FROM ast_RoleMenuBridge_TP WHERE (roleId = ?)
	bind => [59EB2355-7B28-4D7A-BD64-A1FCAE76622B]
[EL Config]: connection: 2015-11-30 05:09:55.876--ServerSession(1625077388)--Connection(302321682)--Thread(Thread[Test worker,5,main])--disconnect
In around repository aspect
[EL Fine]: sql: 2015-11-30 05:09:55.886--ClientSession(1531609142)--Connection(1143375468)--Thread(Thread[Test worker,5,main])--SELECT roleId, RoleDescription, roleHelp, RoleIcon, RoleName, versionId, createdBy, createdDate, updatedBy, updatedDate, activeStatus, txnAccessCode FROM ast_Roles_T WHERE (roleId = ?)
	bind => [59EB2355-7B28-4D7A-BD64-A1FCAE76622B]
[EL Fine]: sql: 2015-11-30 05:09:55.887--ClientSession(1531609142)--Connection(1143375468)--Thread(Thread[Test worker,5,main])--SELECT roleMenuMapId, isExecute, isRead, isWrite, menuId, versionId, createdBy, createdDate, updatedBy, updatedDate, activeStatus, txnAccessCode, roleId FROM ast_RoleMenuBridge_TP WHERE (roleId = ?)
	bind => [59EB2355-7B28-4D7A-BD64-A1FCAE76622B]
[EL Fine]: sql: 2015-11-30 05:09:55.891--ClientSession(1531609142)--Connection(1143375468)--Thread(Thread[Test worker,5,main])--DELETE FROM ast_RoleMenuBridge_TP WHERE ((roleMenuMapId = ?) AND (versionId = ?))
	bind => [D1991B3E-384B-4B94-BC77-B6389E700EE3, 2]
[EL Fine]: sql: 2015-11-30 05:09:55.892--ClientSession(1531609142)--Connection(1143375468)--Thread(Thread[Test worker,5,main])--DELETE FROM ast_Roles_T WHERE ((roleId = ?) AND (versionId = ?))
	bind => [59EB2355-7B28-4D7A-BD64-A1FCAE76622B, 2]
[EL Config]: connection: 2015-11-30 05:09:55.963--ServerSession(1625077388)--Connection(1143375468)--Thread(Thread[Test worker,5,main])--disconnect
In around repository aspect
[EL Fine]: sql: 2015-11-30 05:09:55.968--ClientSession(40981426)--Connection(1757857777)--Thread(Thread[Test worker,5,main])--SELECT menuId, appId, appType, menuAccessRights, menuAction, menuCommands, menuDisplay, menuHead, menuIcon, menuLabel, menuTreeId, RefObjectId, uiType, versionId, createdBy, createdDate, updatedBy, updatedDate, activeStatus, txnAccessCode FROM ast_AppMenus_M WHERE (menuId = ?)
	bind => [A8E18197-394E-4F47-AC50-63509CE3C8B7]
[EL Fine]: sql: 2015-11-30 05:09:55.97--ClientSession(40981426)--Connection(1757857777)--Thread(Thread[Test worker,5,main])--DELETE FROM ast_AppMenus_M WHERE ((menuId = ?) AND (versionId = ?))
	bind => [A8E18197-394E-4F47-AC50-63509CE3C8B7, 1]
[EL Config]: connection: 2015-11-30 05:09:56.074--ServerSession(1625077388)--Connection(1757857777)--Thread(Thread[Test worker,5,main])--disconnect
]]></system-out>
  <system-err><![CDATA[log4j:WARN No appenders could be found for logger (org.springframework.test.context.junit4.SpringJUnit4ClassRunner).
log4j:WARN Please initialize the log4j system properly.
log4j:WARN See http://logging.apache.org/log4j/1.2/faq.html#noconfig for more info.
]]></system-err>
</testsuite>
