<?xml version="1.0" encoding="UTF-8"?>
<testsuite name="com.zen.app.server.service.PasswordAlgoTestCase" tests="4" skipped="0" failures="0" errors="0" timestamp="2015-11-30T05:10:15" hostname="9ee79fe83031" time="0.209">
  <properties/>
  <testcase name="test1Save" classname="com.zen.app.server.service.PasswordAlgoTestCase" time="0.076"/>
  <testcase name="test2Update" classname="com.zen.app.server.service.PasswordAlgoTestCase" time="0.055"/>
  <testcase name="test3FindById" classname="com.zen.app.server.service.PasswordAlgoTestCase" time="0.006"/>
  <testcase name="test4Delete" classname="com.zen.app.server.service.PasswordAlgoTestCase" time="0.072"/>
  <system-out><![CDATA[Setting logged in user info for ADD
In around repository aspect
[EL Fine]: sql: 2015-11-30 05:10:15.672--ClientSession(373713690)--Connection(678951391)--Thread(Thread[Test worker,5,main])--INSERT INTO ast_PasswordAlgo_M (algoId, algoDescription, algoHelp, algoIcon, algoName, algorithm, versionId, createdBy, createdDate, updatedBy, updatedDate, activeStatus, txnAccessCode) VALUES (?, ?, ?, ?, ?, ?, ?, ?, ?, ?, ?, ?, ?)
	bind => [91892E1E-5585-4257-91B9-8ECF13C38E23, 9ejuDhbR02EFw1U8imfMX5TbgmGK9dC5hwDV7exGoCZEVh2zJR, ntIJ6UdBa4QcwPZwYAVVkHt4LYIveW4D2QAb0v0XKV4nIZP5kG, telJlZ8LwQRiP6IgEUDJZXAcdojyl5ZV5y4eQfuhSVfyi7c9ac, R9QP4R6k2N1ZKO1RAzdUcroBbRTcc87fgOkTnxbSOoyKrkxokG, 5, 1, AAAAA, 2015-11-30 10:40:15.646, null, 2015-11-30 10:40:15.646, 1, null]
In around repository aspect
[EL Fine]: sql: 2015-11-30 05:10:15.717--ClientSession(1390201581)--Connection(678951391)--Thread(Thread[Test worker,5,main])--SELECT algoId, algoDescription, algoHelp, algoIcon, algoName, algorithm, versionId, createdBy, createdDate, updatedBy, updatedDate, activeStatus, txnAccessCode FROM ast_PasswordAlgo_M WHERE ((activeStatus = ?) AND (algoId = ?))
	bind => [1, 91892E1E-5585-4257-91B9-8ECF13C38E23]
Setting logged in user info for UPDATE
In around repository aspect
[EL Fine]: sql: 2015-11-30 05:10:15.72--ClientSession(495099481)--Connection(678951391)--Thread(Thread[Test worker,5,main])--SELECT algoId, algoDescription, algoHelp, algoIcon, algoName, algorithm, versionId, createdBy, createdDate, updatedBy, updatedDate, activeStatus, txnAccessCode FROM ast_PasswordAlgo_M WHERE (algoId = ?)
	bind => [91892E1E-5585-4257-91B9-8ECF13C38E23]
[EL Fine]: sql: 2015-11-30 05:10:15.721--ClientSession(495099481)--Connection(678951391)--Thread(Thread[Test worker,5,main])--UPDATE ast_PasswordAlgo_M SET algoDescription = ?, algoHelp = ?, algoIcon = ?, algoName = ?, algorithm = ?, updatedBy = ?, versionId = ? WHERE ((algoId = ?) AND (versionId = ?))
	bind => [65SPJ0selX6tqCpnHYvaAgLuK4ihcQh0h2EydkWmsh3fWKmijO, YghfkG71KiqBv1cJuMokI4esragKJJY55znJBB5fRx4o2GVdZx, 9F13ZVU1QIflqOERioZKaZp09zC6iqYXTH4wLcCP1YtJg0lyVs, TscYnjL9usMSscoYxV4BiQc1nkU1LOrN5hpU1IbdQtXV5oGugV, 6, AAAAA, 2, 91892E1E-5585-4257-91B9-8ECF13C38E23, 1]
In around repository aspect
[EL Fine]: sql: 2015-11-30 05:10:15.772--ClientSession(224021993)--Connection(678951391)--Thread(Thread[Test worker,5,main])--SELECT algoId, algoDescription, algoHelp, algoIcon, algoName, algorithm, versionId, createdBy, createdDate, updatedBy, updatedDate, activeStatus, txnAccessCode FROM ast_PasswordAlgo_M WHERE ((activeStatus = ?) AND (algoId = ?))
	bind => [1, 91892E1E-5585-4257-91B9-8ECF13C38E23]
In around repository aspect
[EL Fine]: sql: 2015-11-30 05:10:15.778--ClientSession(220284995)--Connection(678951391)--Thread(Thread[Test worker,5,main])--SELECT algoId, algoDescription, algoHelp, algoIcon, algoName, algorithm, versionId, createdBy, createdDate, updatedBy, updatedDate, activeStatus, txnAccessCode FROM ast_PasswordAlgo_M WHERE (algoId = ?)
	bind => [91892E1E-5585-4257-91B9-8ECF13C38E23]
[EL Fine]: sql: 2015-11-30 05:10:15.779--ClientSession(220284995)--Connection(678951391)--Thread(Thread[Test worker,5,main])--DELETE FROM ast_PasswordAlgo_M WHERE ((algoId = ?) AND (versionId = ?))
	bind => [91892E1E-5585-4257-91B9-8ECF13C38E23, 2]
]]></system-out>
  <system-err><![CDATA[]]></system-err>
</testsuite>
